Cargando compiladores de Intel...
/scratch/arubio/bin/moduleloadNGS: line 4: module: command not found
Cargando librerias de compresion...
/scratch/arubio/bin/moduleloadNGS: line 7: module: command not found
Cargando IGV...
/scratch/arubio/bin/moduleloadNGS: line 10: module: command not found
Cargando R/3.6.2-intel-2019a...
/scratch/arubio/bin/moduleloadNGS: line 13: module: command not found
Cargando Java...
/scratch/arubio/bin/moduleloadNGS: line 16: module: command not found
Cargando paths: kallisto, hisat, fastqc, STAR, conda, multiqc, bwa, stringtie, picard, samtools, samblaster, gatk ...
SRR645273
Using GATK jar /scratch/arubio/bin/gatk-4.2.5.0/gatk-package-4.2.5.0-local.jar
Running:
    java -Dsamjdk.use_async_io_read_samtools=false -Dsamjdk.use_async_io_write_samtools=true -Dsamjdk.use_async_io_write_tribble=false -Dsamjdk.compression_level=2 -jar /scratch/arubio/bin/gatk-4.2.5.0/gatk-package-4.2.5.0-local.jar CollectReadCounts -L /scratch/a905383/CNV/preprocessed_intervals100000.interval_list -I /scratch/a905383/CNV/raw_data/SRR645273_aligned.bam --interval-merging-rule OVERLAPPING_ONLY -O /scratch/a905383/CNV/counts/SRR6452730.counts.hdf5
23:08:45.067 INFO  NativeLibraryLoader - Loading libgkl_compression.so from jar:file:/scratch/arubio/bin/gatk-4.2.5.0/gatk-package-4.2.5.0-local.jar!/com/intel/gkl/native/libgkl_compression.so
May 14, 2022 11:08:45 PM shaded.cloud_nio.com.google.auth.oauth2.ComputeEngineCredentials runningOnComputeEngine
INFO: Failed to detect whether we are running on Google Compute Engine.
23:08:45.510 INFO  CollectReadCounts - ------------------------------------------------------------
23:08:45.511 INFO  CollectReadCounts - The Genome Analysis Toolkit (GATK) v4.2.5.0
23:08:45.511 INFO  CollectReadCounts - For support and documentation go to https://software.broadinstitute.org/gatk/
23:08:45.512 INFO  CollectReadCounts - Executing as a905383@atlas-193 on Linux v3.10.0-693.el7.x86_64 amd64
23:08:45.512 INFO  CollectReadCounts - Java runtime: OpenJDK 64-Bit Server VM v11.0.13+7-b1751.21
23:08:45.513 INFO  CollectReadCounts - Start Date/Time: May 14, 2022 at 11:08:44 PM CEST
23:08:45.513 INFO  CollectReadCounts - ------------------------------------------------------------
23:08:45.513 INFO  CollectReadCounts - ------------------------------------------------------------
23:08:45.516 INFO  CollectReadCounts - HTSJDK Version: 2.24.1
23:08:45.516 INFO  CollectReadCounts - Picard Version: 2.25.4
23:08:45.516 INFO  CollectReadCounts - Built for Spark Version: 2.4.5
23:08:45.516 INFO  CollectReadCounts - HTSJDK Defaults.COMPRESSION_LEVEL : 2
23:08:45.517 INFO  CollectReadCounts - HTSJDK Defaults.USE_ASYNC_IO_READ_FOR_SAMTOOLS : false
23:08:45.517 INFO  CollectReadCounts - HTSJDK Defaults.USE_ASYNC_IO_WRITE_FOR_SAMTOOLS : true
23:08:45.517 INFO  CollectReadCounts - HTSJDK Defaults.USE_ASYNC_IO_WRITE_FOR_TRIBBLE : false
23:08:45.518 INFO  CollectReadCounts - Deflater: IntelDeflater
23:08:45.518 INFO  CollectReadCounts - Inflater: IntelInflater
23:08:45.518 INFO  CollectReadCounts - GCS max retries/reopens: 20
23:08:45.519 INFO  CollectReadCounts - Requester pays: disabled
23:08:45.519 INFO  CollectReadCounts - Initializing engine
23:08:45.845 INFO  FeatureManager - Using codec IntervalListCodec to read file file:///scratch/a905383/CNV/preprocessed_intervals100000.interval_list
23:08:46.711 INFO  IntervalArgumentCollection - Processing 2958930931 bp from intervals
23:08:46.732 INFO  CollectReadCounts - Done initializing engine
23:08:46.738 INFO  CollectReadCounts - Collecting read counts...
23:08:46.738 INFO  ProgressMeter - Starting traversal
23:08:46.738 INFO  ProgressMeter -        Current Locus  Elapsed Minutes       Reads Processed     Reads/Minute
23:08:56.744 INFO  ProgressMeter -           1:95989851              0.2               3694000       22161783.8
23:09:06.742 INFO  ProgressMeter -          1:215343857              0.3               7520000       22557744.2
23:09:16.846 INFO  ProgressMeter -          10:66409180              0.5              11451000       22821364.5
23:09:26.846 INFO  ProgressMeter -          11:58055340              0.7              16300000       24384770.7
23:09:36.848 INFO  ProgressMeter -          12:29920022              0.8              20600000       24666227.6
23:09:46.849 INFO  ProgressMeter -          13:41887033              1.0              25672000       25625020.8
23:09:56.851 INFO  ProgressMeter -          14:38317173              1.2              29503000       25248249.2
23:10:06.851 INFO  ProgressMeter -          15:73760955              1.3              34309000       25696096.7
23:10:17.070 INFO  ProgressMeter -          16:83826605              1.5              38142000       25335104.6
23:10:27.070 INFO  ProgressMeter -          18:38720371              1.7              42608000       25480459.7
23:10:37.071 INFO  ProgressMeter -           2:17976901              1.8              46992000       25555102.4
23:10:47.071 INFO  ProgressMeter -          2:143363134              2.0              51859000       25858174.5
23:10:57.070 INFO  ProgressMeter -          20:15929336              2.2              56624000       26067781.3
23:11:07.071 INFO  ProgressMeter -          22:34784909              2.3              60553000       25889889.7
23:11:17.071 INFO  ProgressMeter -          3:102009126              2.5              65307000       26065109.2
23:11:27.071 INFO  ProgressMeter -          3:194441720              2.7              69186000       25891026.1
23:11:37.072 INFO  ProgressMeter -          4:105087018              2.8              73631000       25936606.5
23:11:47.073 INFO  ProgressMeter -           5:34845250              3.0              78680000       26178091.8
23:11:57.073 INFO  ProgressMeter -          5:125671425              3.2              82358000       25962150.7
23:12:07.076 INFO  ProgressMeter -           6:68655736              3.3              87296000       26144746.1
23:12:17.077 INFO  ProgressMeter -           7:15964463              3.5              92198000       26299955.3
23:12:27.078 INFO  ProgressMeter -          7:136861539              3.7              96943000       26398322.6
23:12:37.079 INFO  ProgressMeter -           8:96126131              3.8             101639000       26475384.2
23:12:47.080 INFO  ProgressMeter -           9:83236280              4.0             106025000       26468642.5
23:12:57.080 INFO  ProgressMeter -          X:100176264              4.2             110183000       26407899.6
23:13:05.129 INFO  CollectReadCounts - 0 read(s) filtered by: WellformedReadFilter 
714506 read(s) filtered by: MappedReadFilter 
0 read(s) filtered by: NonZeroReferenceLengthAlignmentReadFilter 
17133721 read(s) filtered by: NotDuplicateReadFilter 
11023314 read(s) filtered by: MappingQualityReadFilter 
28871541 total reads filtered
23:13:05.131 INFO  ProgressMeter -       KI270336.1:891              4.3             112152092       26042515.3
23:13:05.132 INFO  ProgressMeter - Traversal complete. Processed 112152092 total reads in 4.3 minutes.
23:13:05.132 INFO  CollectReadCounts - Writing read counts to /scratch/a905383/CNV/counts/SRR6452730.counts.hdf5...
log4j:WARN No appenders could be found for logger (org.broadinstitute.hdf5.HDF5Library).
log4j:WARN Please initialize the log4j system properly.
log4j:WARN See http://logging.apache.org/log4j/1.2/faq.html#noconfig for more info.
23:13:07.092 INFO  CollectReadCounts - CollectReadCounts complete.
23:13:07.095 INFO  CollectReadCounts - Shutting down engine
[May 14, 2022 at 11:13:07 PM CEST] org.broadinstitute.hellbender.tools.copynumber.CollectReadCounts done. Elapsed time: 4.37 minutes.
Runtime.totalMemory()=56791040
