Cargando compiladores de Intel...
/scratch/arubio/bin/moduleloadNGS: line 4: module: command not found
Cargando librerias de compresion...
/scratch/arubio/bin/moduleloadNGS: line 7: module: command not found
Cargando IGV...
/scratch/arubio/bin/moduleloadNGS: line 10: module: command not found
Cargando R/3.6.2-intel-2019a...
/scratch/arubio/bin/moduleloadNGS: line 13: module: command not found
Cargando Java...
/scratch/arubio/bin/moduleloadNGS: line 16: module: command not found
Cargando paths: kallisto, hisat, fastqc, STAR, conda, multiqc, bwa, stringtie, picard, samtools, samblaster, gatk ...
SRR645250
Using GATK jar /scratch/arubio/bin/gatk-4.2.5.0/gatk-package-4.2.5.0-local.jar
Running:
    java -Dsamjdk.use_async_io_read_samtools=false -Dsamjdk.use_async_io_write_samtools=true -Dsamjdk.use_async_io_write_tribble=false -Dsamjdk.compression_level=2 -jar /scratch/arubio/bin/gatk-4.2.5.0/gatk-package-4.2.5.0-local.jar CollectReadCounts -L /scratch/a905383/CNV/preprocessed_intervals100000.interval_list -I /scratch/a905383/CNV/raw_data/SRR645250_aligned.bam --interval-merging-rule OVERLAPPING_ONLY -O /scratch/a905383/CNV/counts/SRR6452500.counts.hdf5
23:04:28.992 INFO  NativeLibraryLoader - Loading libgkl_compression.so from jar:file:/scratch/arubio/bin/gatk-4.2.5.0/gatk-package-4.2.5.0-local.jar!/com/intel/gkl/native/libgkl_compression.so
May 14, 2022 11:04:29 PM shaded.cloud_nio.com.google.auth.oauth2.ComputeEngineCredentials runningOnComputeEngine
INFO: Failed to detect whether we are running on Google Compute Engine.
23:04:29.710 INFO  CollectReadCounts - ------------------------------------------------------------
23:04:29.711 INFO  CollectReadCounts - The Genome Analysis Toolkit (GATK) v4.2.5.0
23:04:29.711 INFO  CollectReadCounts - For support and documentation go to https://software.broadinstitute.org/gatk/
23:04:29.713 INFO  CollectReadCounts - Executing as a905383@atlas-193 on Linux v3.10.0-693.el7.x86_64 amd64
23:04:29.713 INFO  CollectReadCounts - Java runtime: OpenJDK 64-Bit Server VM v11.0.13+7-b1751.21
23:04:29.716 INFO  CollectReadCounts - Start Date/Time: May 14, 2022 at 11:04:28 PM CEST
23:04:29.716 INFO  CollectReadCounts - ------------------------------------------------------------
23:04:29.716 INFO  CollectReadCounts - ------------------------------------------------------------
23:04:29.720 INFO  CollectReadCounts - HTSJDK Version: 2.24.1
23:04:29.720 INFO  CollectReadCounts - Picard Version: 2.25.4
23:04:29.721 INFO  CollectReadCounts - Built for Spark Version: 2.4.5
23:04:29.721 INFO  CollectReadCounts - HTSJDK Defaults.COMPRESSION_LEVEL : 2
23:04:29.721 INFO  CollectReadCounts - HTSJDK Defaults.USE_ASYNC_IO_READ_FOR_SAMTOOLS : false
23:04:29.722 INFO  CollectReadCounts - HTSJDK Defaults.USE_ASYNC_IO_WRITE_FOR_SAMTOOLS : true
23:04:29.722 INFO  CollectReadCounts - HTSJDK Defaults.USE_ASYNC_IO_WRITE_FOR_TRIBBLE : false
23:04:29.722 INFO  CollectReadCounts - Deflater: IntelDeflater
23:04:29.723 INFO  CollectReadCounts - Inflater: IntelInflater
23:04:29.723 INFO  CollectReadCounts - GCS max retries/reopens: 20
23:04:29.723 INFO  CollectReadCounts - Requester pays: disabled
23:04:29.724 INFO  CollectReadCounts - Initializing engine
23:04:30.226 INFO  FeatureManager - Using codec IntervalListCodec to read file file:///scratch/a905383/CNV/preprocessed_intervals100000.interval_list
23:04:31.183 INFO  IntervalArgumentCollection - Processing 2958930931 bp from intervals
23:04:31.204 INFO  CollectReadCounts - Done initializing engine
23:04:31.210 INFO  CollectReadCounts - Collecting read counts...
23:04:31.210 INFO  ProgressMeter - Starting traversal
23:04:31.211 INFO  ProgressMeter -        Current Locus  Elapsed Minutes       Reads Processed     Reads/Minute
23:04:41.212 INFO  ProgressMeter -           1:87170405              0.2               3558000       21348000.0
23:04:51.212 INFO  ProgressMeter -          1:171588728              0.3               6073000       18219000.0
23:05:01.211 INFO  ProgressMeter -          10:34281425              0.5              10912000       21824000.0
23:05:11.212 INFO  ProgressMeter -         10:116291277              0.7              14327000       21489962.8
23:05:21.213 INFO  ProgressMeter -          11:82704276              0.8              18370000       22043118.3
23:05:32.467 INFO  ProgressMeter -          12:53086288              1.0              22871000       22402050.4
23:05:42.468 INFO  ProgressMeter -         12:129944292              1.2              26202000       22062984.2
23:05:52.478 INFO  ProgressMeter -          14:18399732              1.4              30609000       22599118.9
23:06:02.478 INFO  ProgressMeter -          15:41878181              1.5              35195000       23137607.2
23:06:12.479 INFO  ProgressMeter -          16:46994403              1.7              39136000       23187581.5
23:06:22.480 INFO  ProgressMeter -          17:66761360              1.9              43385000       23394656.2
23:06:32.481 INFO  ProgressMeter -          19:10606618              2.0              47683000       23591819.9
23:06:42.481 INFO  ProgressMeter -           2:52796309              2.2              51709000       23634798.5
23:06:52.482 INFO  ProgressMeter -          2:159318094              2.4              56106000       23829263.1
23:07:02.740 INFO  ProgressMeter -          20:14755565              2.5              60398000       23915422.1
23:07:12.742 INFO  ProgressMeter -          22:21949573              2.7              64166000       23834186.6
23:07:22.743 INFO  ProgressMeter -           3:68242011              2.9              68263000       23877643.8
23:07:32.744 INFO  ProgressMeter -          3:162993079              3.0              72446000       23944737.3
23:07:42.744 INFO  ProgressMeter -           4:65123315              3.2              76774000       24050372.5
23:07:52.745 INFO  ProgressMeter -          4:151418212              3.4              80669000       24016493.5
23:08:02.747 INFO  ProgressMeter -           5:60827440              3.5              84985000       24105230.8
23:08:12.748 INFO  ProgressMeter -          5:168727582              3.7              89723000       24300249.2
23:08:22.747 INFO  ProgressMeter -           6:86672395              3.9              93904000       24334185.6
23:08:32.747 INFO  ProgressMeter -           7:24451496              4.0              98691000       24515848.6
23:08:42.748 INFO  ProgressMeter -          7:133731360              4.2             103205000       24617849.5
23:08:52.749 INFO  ProgressMeter -           8:78573862              4.4             107561000       24675802.4
23:09:02.752 INFO  ProgressMeter -           9:33635693              4.5             112013000       24750698.8
23:09:12.753 INFO  ProgressMeter -           X:22115128              4.7             116241000       24772536.8
23:09:22.752 INFO  ProgressMeter -          X:122917445              4.9             120363000       24771061.4
23:09:29.816 INFO  CollectReadCounts - 0 read(s) filtered by: WellformedReadFilter 
786722 read(s) filtered by: MappedReadFilter 
0 read(s) filtered by: NonZeroReferenceLengthAlignmentReadFilter 
19154443 read(s) filtered by: NotDuplicateReadFilter 
10854986 read(s) filtered by: MappingQualityReadFilter 
30796151 total reads filtered
23:09:29.817 INFO  ProgressMeter -       KI270337.1:780              5.0             122346800       24583591.8
23:09:29.818 INFO  ProgressMeter - Traversal complete. Processed 122346800 total reads in 5.0 minutes.
23:09:29.818 INFO  CollectReadCounts - Writing read counts to /scratch/a905383/CNV/counts/SRR6452500.counts.hdf5...
log4j:WARN No appenders could be found for logger (org.broadinstitute.hdf5.HDF5Library).
log4j:WARN Please initialize the log4j system properly.
log4j:WARN See http://logging.apache.org/log4j/1.2/faq.html#noconfig for more info.
23:09:30.181 INFO  CollectReadCounts - CollectReadCounts complete.
23:09:30.182 INFO  CollectReadCounts - Shutting down engine
[May 14, 2022 at 11:09:30 PM CEST] org.broadinstitute.hellbender.tools.copynumber.CollectReadCounts done. Elapsed time: 5.03 minutes.
Runtime.totalMemory()=56791040
