Cargando compiladores de Intel...

The following have been reloaded with a version change:
  1) GCCcore/8.2.0 => GCCcore/10.3.0
  2) binutils/.2.31.1-GCCcore-8.2.0 => binutils/.2.36.1-GCCcore-10.3.0
  3) zlib/.1.2.11-GCCcore-8.2.0 => zlib/.1.2.11-GCCcore-10.3.0

Cargando librerias de compresion...

The following have been reloaded with a version change:
  1) GCCcore/10.3.0 => GCCcore/6.4.0
  2) GLib/.2.60.1-GCCcore-8.2.0 => GLib/.2.53.5-GCCcore-6.4.0
  3) LibTIFF/.4.0.10-GCCcore-8.2.0 => LibTIFF/.4.0.9-intel-2017b
  4) NASM/2.14.02-GCCcore-8.2.0 => NASM/2.13.01-GCCcore-6.4.0
  5) PCRE/.8.43-GCCcore-8.2.0 => PCRE/.8.41-GCCcore-6.4.0
  6) XZ/.5.2.4-GCCcore-8.2.0 => XZ/.5.2.3-GCCcore-6.4.0
  7) binutils/.2.36.1-GCCcore-10.3.0 => binutils/.2.28-GCCcore-6.4.0
  8) bzip2/.1.0.6-GCCcore-8.2.0 => bzip2/.1.0.6-GCCcore-6.4.0
  9) gettext/.0.19.8.1-GCCcore-8.2.0 => gettext/.0.19.8.1-GCCcore-6.4.0
 10) icc/2019.1.144-GCC-8.2.0-2.31.1 => icc/2017.4.196-GCC-6.4.0-2.28
 11) iccifort/2019.1.144-GCC-8.2.0-2.31.1 => iccifort/2017.4.196-GCC-6.4.0-2.28
 12) ifort/2019.1.144-GCC-8.2.0-2.31.1 => ifort/2017.4.196-GCC-6.4.0-2.28
 13) iimpi/2019a => iimpi/2017b
 14) imkl/2019.1.144-iimpi-2019a => imkl/2017.3.196-iimpi-2017b
 15) impi/2018.4.274-iccifort-2019.1.144-GCC-8.2.0-2.31.1 => impi/2017.3.196-iccifort-2017.4.196-GCC-6.4.0-2.28
 16) intel/2019a => intel/2017b
 17) libffi/.3.2.1-GCCcore-8.2.0 => libffi/.3.2.1-GCCcore-6.4.0
 18) libjpeg-turbo/.2.0.2-GCCcore-8.2.0 => libjpeg-turbo/1.5.2-GCCcore-6.4.0
 19) libpng/.1.6.36-GCCcore-8.2.0 => libpng/.1.6.32-GCCcore-6.4.0
 20) libxml2/.2.9.8-GCCcore-8.2.0 => libxml2/.2.9.4-GCCcore-6.4.0
 21) ncurses/.6.1-GCCcore-8.2.0 => ncurses/.6.0-GCCcore-6.4.0
 22) util-linux/.2.33-GCCcore-8.2.0 => util-linux/.2.31-GCCcore-6.4.0
 23) zlib/.1.2.11-GCCcore-10.3.0 => zlib/.1.2.11-GCCcore-6.4.0

Cargando IGV...
Cargando R/3.6.2-intel-2019a...

The following have been reloaded with a version change:
  1) GCCcore/6.4.0 => GCCcore/8.2.0
  2) LibTIFF/.4.0.9-intel-2017b => LibTIFF/.4.0.10-GCCcore-8.2.0
  3) NASM/2.13.01-GCCcore-6.4.0 => NASM/2.14.02-GCCcore-8.2.0
  4) PCRE/.8.41-GCCcore-6.4.0 => PCRE/.8.43-GCCcore-8.2.0
  5) XZ/.5.2.3-GCCcore-6.4.0 => XZ/.5.2.4-GCCcore-8.2.0
  6) binutils/.2.28-GCCcore-6.4.0 => binutils/.2.31.1-GCCcore-8.2.0
  7) bzip2/.1.0.6-GCCcore-6.4.0 => bzip2/.1.0.6-GCCcore-8.2.0
  8) icc/2017.4.196-GCC-6.4.0-2.28 => icc/2019.1.144-GCC-8.2.0-2.31.1
  9) iccifort/2017.4.196-GCC-6.4.0-2.28 => iccifort/2019.1.144-GCC-8.2.0-2.31.1
 10) ifort/2017.4.196-GCC-6.4.0-2.28 => ifort/2019.1.144-GCC-8.2.0-2.31.1
 11) iimpi/2017b => iimpi/2019a
 12) imkl/2017.3.196-iimpi-2017b => imkl/2019.1.144-iimpi-2019a
 13) impi/2017.3.196-iccifort-2017.4.196-GCC-6.4.0-2.28 => impi/2018.4.274-iccifort-2019.1.144-GCC-8.2.0-2.31.1
 14) intel/2017b => intel/2019a
 15) libjpeg-turbo/1.5.2-GCCcore-6.4.0 => libjpeg-turbo/.2.0.2-GCCcore-8.2.0
 16) libpng/.1.6.32-GCCcore-6.4.0 => libpng/.1.6.36-GCCcore-8.2.0
 17) libxml2/.2.9.4-GCCcore-6.4.0 => libxml2/.2.9.8-GCCcore-8.2.0
 18) ncurses/.6.0-GCCcore-6.4.0 => ncurses/.6.1-GCCcore-8.2.0
 19) zlib/.1.2.11-GCCcore-6.4.0 => zlib/.1.2.11-GCCcore-8.2.0

Cargando Java...
Cargando paths: kallisto, hisat, fastqc, STAR, conda, multiqc, bwa, stringtie, picard, samtools, samblaster, gatk ...
SRR645247
Using GATK jar /scratch/arubio/bin/gatk-4.2.5.0/gatk-package-4.2.5.0-local.jar
Running:
    java -Dsamjdk.use_async_io_read_samtools=false -Dsamjdk.use_async_io_write_samtools=true -Dsamjdk.use_async_io_write_tribble=false -Dsamjdk.compression_level=2 -jar /scratch/arubio/bin/gatk-4.2.5.0/gatk-package-4.2.5.0-local.jar CollectReadCounts -L /scratch/a905383/CNV/preprocessed_intervals100000.interval_list -I /scratch/a905383/CNV/raw_data/SRR645247_aligned.bam --interval-merging-rule OVERLAPPING_ONLY -O /scratch/a905383/CNV/counts/SRR6452470.counts.hdf5
15:32:56.522 INFO  NativeLibraryLoader - Loading libgkl_compression.so from jar:file:/scratch/arubio/bin/gatk-4.2.5.0/gatk-package-4.2.5.0-local.jar!/com/intel/gkl/native/libgkl_compression.so
May 05, 2022 3:32:57 PM shaded.cloud_nio.com.google.auth.oauth2.ComputeEngineCredentials runningOnComputeEngine
INFO: Failed to detect whether we are running on Google Compute Engine.
15:32:57.071 INFO  CollectReadCounts - ------------------------------------------------------------
15:32:57.072 INFO  CollectReadCounts - The Genome Analysis Toolkit (GATK) v4.2.5.0
15:32:57.073 INFO  CollectReadCounts - For support and documentation go to https://software.broadinstitute.org/gatk/
15:32:57.073 INFO  CollectReadCounts - Executing as a905383@atlas-193 on Linux v3.10.0-693.el7.x86_64 amd64
15:32:57.074 INFO  CollectReadCounts - Java runtime: OpenJDK 64-Bit Server VM v11.0.13+7-b1751.21
15:32:57.076 INFO  CollectReadCounts - Start Date/Time: May 5, 2022 at 3:32:56 PM CEST
15:32:57.076 INFO  CollectReadCounts - ------------------------------------------------------------
15:32:57.076 INFO  CollectReadCounts - ------------------------------------------------------------
15:32:57.079 INFO  CollectReadCounts - HTSJDK Version: 2.24.1
15:32:57.080 INFO  CollectReadCounts - Picard Version: 2.25.4
15:32:57.080 INFO  CollectReadCounts - Built for Spark Version: 2.4.5
15:32:57.081 INFO  CollectReadCounts - HTSJDK Defaults.COMPRESSION_LEVEL : 2
15:32:57.081 INFO  CollectReadCounts - HTSJDK Defaults.USE_ASYNC_IO_READ_FOR_SAMTOOLS : false
15:32:57.081 INFO  CollectReadCounts - HTSJDK Defaults.USE_ASYNC_IO_WRITE_FOR_SAMTOOLS : true
15:32:57.082 INFO  CollectReadCounts - HTSJDK Defaults.USE_ASYNC_IO_WRITE_FOR_TRIBBLE : false
15:32:57.082 INFO  CollectReadCounts - Deflater: IntelDeflater
15:32:57.083 INFO  CollectReadCounts - Inflater: IntelInflater
15:32:57.083 INFO  CollectReadCounts - GCS max retries/reopens: 20
15:32:57.083 INFO  CollectReadCounts - Requester pays: disabled
15:32:57.084 INFO  CollectReadCounts - Initializing engine
15:32:57.379 INFO  FeatureManager - Using codec IntervalListCodec to read file file:///scratch/a905383/CNV/preprocessed_intervals100000.interval_list
15:32:58.219 INFO  IntervalArgumentCollection - Processing 2958930931 bp from intervals
15:32:58.238 INFO  CollectReadCounts - Done initializing engine
15:32:58.244 INFO  CollectReadCounts - Collecting read counts...
15:32:58.244 INFO  ProgressMeter - Starting traversal
15:32:58.245 INFO  ProgressMeter -        Current Locus  Elapsed Minutes       Reads Processed     Reads/Minute
15:33:08.246 INFO  ProgressMeter -           1:61620110              0.2               3042000       18250175.0
15:33:18.255 INFO  ProgressMeter -          1:124948504              0.3               6368000       19094452.8
15:33:28.256 INFO  ProgressMeter -          1:197368515              0.5               9174000       18341886.0
15:33:38.257 INFO  ProgressMeter -          10:21512439              0.7              13090000       19629111.3
15:33:48.259 INFO  ProgressMeter -          10:90382994              0.8              16699000       20033591.3
15:33:58.260 INFO  ProgressMeter -          11:28564115              1.0              20494000       20489219.2
15:34:08.262 INFO  ProgressMeter -         11:100341029              1.2              24174000       20716132.3
15:34:18.270 INFO  ProgressMeter -          12:37235507              1.3              27978000       20976944.7
15:34:28.272 INFO  ProgressMeter -         12:100922839              1.5              31932000       21281615.5
15:34:38.272 INFO  ProgressMeter -          13:34253041              1.7              35617000       21364431.6
15:34:48.272 INFO  ProgressMeter -         13:103349072              1.8              39547000       21565797.5
15:34:58.273 INFO  ProgressMeter -          14:71011219              2.0              43029000       21509660.3
15:35:08.273 INFO  ProgressMeter -          15:52472626              2.2              46546000       21478308.4
15:35:18.274 INFO  ProgressMeter -          16:10126429              2.3              49665000       21280743.9
15:35:28.273 INFO  ProgressMeter -          16:71662369              2.5              52210000       20880102.4
15:35:38.273 INFO  ProgressMeter -          17:56775711              2.7              55290000       20730122.2
15:35:48.274 INFO  ProgressMeter -          18:37932307              2.8              58399000       20608017.5
15:35:58.283 INFO  ProgressMeter -          19:31391730              3.0              62035000       20674083.7
15:36:08.610 INFO  ProgressMeter -           2:44211916              3.2              65696000       20706436.1
15:36:18.613 INFO  ProgressMeter -           2:89933674              3.3              68174000       20414739.0
15:36:28.613 INFO  ProgressMeter -          2:158560140              3.5              71659000       20438184.5
15:36:38.615 INFO  ProgressMeter -          2:224601843              3.7              75384000       20524753.8
15:36:48.617 INFO  ProgressMeter -          20:52719714              3.8              78944000       20560832.0
15:36:58.618 INFO  ProgressMeter -          22:23955391              4.0              81856000       20432329.9
15:37:08.618 INFO  ProgressMeter -           3:43818029              4.2              85617000       20517467.9
15:37:18.620 INFO  ProgressMeter -           3:99088704              4.3              88523000       20398963.0
15:37:28.623 INFO  ProgressMeter -          3:166601998              4.5              92268000       20475561.7
15:37:38.621 INFO  ProgressMeter -           4:35653375              4.7              95968000       20536993.2
15:37:48.622 INFO  ProgressMeter -           4:93794291              4.8              99178000       20492945.4
15:37:58.623 INFO  ProgressMeter -          4:156568993              5.0             102779000       20529932.3
15:38:08.624 INFO  ProgressMeter -           5:36899085              5.2             106545000       20596432.1
15:38:18.624 INFO  ProgressMeter -           5:99270889              5.3             109830000       20568763.9
15:38:28.626 INFO  ProgressMeter -          5:166738159              5.5             113758000       20659483.0
15:38:38.820 INFO  ProgressMeter -           6:60237239              5.7             117643000       20725539.8
15:38:48.821 INFO  ProgressMeter -          6:130545556              5.8             121607000       20812722.0
15:38:58.822 INFO  ProgressMeter -           7:40489857              6.0             126037000       20972610.5
15:39:08.822 INFO  ProgressMeter -          7:121798696              6.2             130179000       21077295.9
15:39:18.821 INFO  ProgressMeter -           8:48284498              6.3             134577000       21216839.7
15:39:28.822 INFO  ProgressMeter -          8:135449863              6.5             139536000       21435418.5
15:39:38.822 INFO  ProgressMeter -             MT:10220              6.7             143669000       21519308.4
15:39:48.840 INFO  ProgressMeter -            Y:9553022              6.8             148149000       21648976.8
15:39:54.555 INFO  CollectReadCounts - 0 read(s) filtered by: WellformedReadFilter 
1322113 read(s) filtered by: MappedReadFilter 
0 read(s) filtered by: NonZeroReferenceLengthAlignmentReadFilter 
15970054 read(s) filtered by: NotDuplicateReadFilter 
13575353 read(s) filtered by: MappingQualityReadFilter 
30867520 total reads filtered
15:39:54.557 INFO  ProgressMeter -       KI270336.1:894              6.9             149059149       21482906.8
15:39:54.557 INFO  ProgressMeter - Traversal complete. Processed 149059149 total reads in 6.9 minutes.
15:39:54.558 INFO  CollectReadCounts - Writing read counts to /scratch/a905383/CNV/counts/SRR6452470.counts.hdf5...
log4j:WARN No appenders could be found for logger (org.broadinstitute.hdf5.HDF5Library).
log4j:WARN Please initialize the log4j system properly.
log4j:WARN See http://logging.apache.org/log4j/1.2/faq.html#noconfig for more info.
15:39:54.931 INFO  CollectReadCounts - CollectReadCounts complete.
15:39:54.932 INFO  CollectReadCounts - Shutting down engine
[May 5, 2022 at 3:39:54 PM CEST] org.broadinstitute.hellbender.tools.copynumber.CollectReadCounts done. Elapsed time: 6.98 minutes.
Runtime.totalMemory()=57589760
