Cargando compiladores de Intel...

The following have been reloaded with a version change:
  1) GCCcore/8.2.0 => GCCcore/10.3.0
  2) binutils/.2.31.1-GCCcore-8.2.0 => binutils/.2.36.1-GCCcore-10.3.0
  3) zlib/.1.2.11-GCCcore-8.2.0 => zlib/.1.2.11-GCCcore-10.3.0

Cargando librerias de compresion...

The following have been reloaded with a version change:
  1) GCCcore/10.3.0 => GCCcore/6.4.0
  2) GLib/.2.60.1-GCCcore-8.2.0 => GLib/.2.53.5-GCCcore-6.4.0
  3) LibTIFF/.4.0.10-GCCcore-8.2.0 => LibTIFF/.4.0.9-intel-2017b
  4) NASM/2.14.02-GCCcore-8.2.0 => NASM/2.13.01-GCCcore-6.4.0
  5) PCRE/.8.43-GCCcore-8.2.0 => PCRE/.8.41-GCCcore-6.4.0
  6) XZ/.5.2.4-GCCcore-8.2.0 => XZ/.5.2.3-GCCcore-6.4.0
  7) binutils/.2.36.1-GCCcore-10.3.0 => binutils/.2.28-GCCcore-6.4.0
  8) bzip2/.1.0.6-GCCcore-8.2.0 => bzip2/.1.0.6-GCCcore-6.4.0
  9) gettext/.0.19.8.1-GCCcore-8.2.0 => gettext/.0.19.8.1-GCCcore-6.4.0
 10) icc/2019.1.144-GCC-8.2.0-2.31.1 => icc/2017.4.196-GCC-6.4.0-2.28
 11) iccifort/2019.1.144-GCC-8.2.0-2.31.1 => iccifort/2017.4.196-GCC-6.4.0-2.28
 12) ifort/2019.1.144-GCC-8.2.0-2.31.1 => ifort/2017.4.196-GCC-6.4.0-2.28
 13) iimpi/2019a => iimpi/2017b
 14) imkl/2019.1.144-iimpi-2019a => imkl/2017.3.196-iimpi-2017b
 15) impi/2018.4.274-iccifort-2019.1.144-GCC-8.2.0-2.31.1 => impi/2017.3.196-iccifort-2017.4.196-GCC-6.4.0-2.28
 16) intel/2019a => intel/2017b
 17) libffi/.3.2.1-GCCcore-8.2.0 => libffi/.3.2.1-GCCcore-6.4.0
 18) libjpeg-turbo/.2.0.2-GCCcore-8.2.0 => libjpeg-turbo/1.5.2-GCCcore-6.4.0
 19) libpng/.1.6.36-GCCcore-8.2.0 => libpng/.1.6.32-GCCcore-6.4.0
 20) libxml2/.2.9.8-GCCcore-8.2.0 => libxml2/.2.9.4-GCCcore-6.4.0
 21) ncurses/.6.1-GCCcore-8.2.0 => ncurses/.6.0-GCCcore-6.4.0
 22) util-linux/.2.33-GCCcore-8.2.0 => util-linux/.2.31-GCCcore-6.4.0
 23) zlib/.1.2.11-GCCcore-10.3.0 => zlib/.1.2.11-GCCcore-6.4.0

Cargando IGV...
Cargando R/3.6.2-intel-2019a...

The following have been reloaded with a version change:
  1) GCCcore/6.4.0 => GCCcore/8.2.0
  2) LibTIFF/.4.0.9-intel-2017b => LibTIFF/.4.0.10-GCCcore-8.2.0
  3) NASM/2.13.01-GCCcore-6.4.0 => NASM/2.14.02-GCCcore-8.2.0
  4) PCRE/.8.41-GCCcore-6.4.0 => PCRE/.8.43-GCCcore-8.2.0
  5) XZ/.5.2.3-GCCcore-6.4.0 => XZ/.5.2.4-GCCcore-8.2.0
  6) binutils/.2.28-GCCcore-6.4.0 => binutils/.2.31.1-GCCcore-8.2.0
  7) bzip2/.1.0.6-GCCcore-6.4.0 => bzip2/.1.0.6-GCCcore-8.2.0
  8) icc/2017.4.196-GCC-6.4.0-2.28 => icc/2019.1.144-GCC-8.2.0-2.31.1
  9) iccifort/2017.4.196-GCC-6.4.0-2.28 => iccifort/2019.1.144-GCC-8.2.0-2.31.1
 10) ifort/2017.4.196-GCC-6.4.0-2.28 => ifort/2019.1.144-GCC-8.2.0-2.31.1
 11) iimpi/2017b => iimpi/2019a
 12) imkl/2017.3.196-iimpi-2017b => imkl/2019.1.144-iimpi-2019a
 13) impi/2017.3.196-iccifort-2017.4.196-GCC-6.4.0-2.28 => impi/2018.4.274-iccifort-2019.1.144-GCC-8.2.0-2.31.1
 14) intel/2017b => intel/2019a
 15) libjpeg-turbo/1.5.2-GCCcore-6.4.0 => libjpeg-turbo/.2.0.2-GCCcore-8.2.0
 16) libpng/.1.6.32-GCCcore-6.4.0 => libpng/.1.6.36-GCCcore-8.2.0
 17) libxml2/.2.9.4-GCCcore-6.4.0 => libxml2/.2.9.8-GCCcore-8.2.0
 18) ncurses/.6.0-GCCcore-6.4.0 => ncurses/.6.1-GCCcore-8.2.0
 19) zlib/.1.2.11-GCCcore-6.4.0 => zlib/.1.2.11-GCCcore-8.2.0

Cargando Java...
Cargando paths: kallisto, hisat, fastqc, STAR, conda, multiqc, bwa, stringtie, picard, samtools, samblaster, gatk ...
SRR645235
Using GATK jar /scratch/arubio/bin/gatk-4.2.5.0/gatk-package-4.2.5.0-local.jar
Running:
    java -Dsamjdk.use_async_io_read_samtools=false -Dsamjdk.use_async_io_write_samtools=true -Dsamjdk.use_async_io_write_tribble=false -Dsamjdk.compression_level=2 -jar /scratch/arubio/bin/gatk-4.2.5.0/gatk-package-4.2.5.0-local.jar CollectReadCounts -L /scratch/a905383/CNV/preprocessed_intervals100000.interval_list -I /scratch/a905383/CNV/raw_data/SRR645235_aligned.bam --interval-merging-rule OVERLAPPING_ONLY -O /scratch/a905383/CNV/counts/SRR6452350.counts.hdf5
15:32:56.047 INFO  NativeLibraryLoader - Loading libgkl_compression.so from jar:file:/scratch/arubio/bin/gatk-4.2.5.0/gatk-package-4.2.5.0-local.jar!/com/intel/gkl/native/libgkl_compression.so
May 05, 2022 3:32:56 PM shaded.cloud_nio.com.google.auth.oauth2.ComputeEngineCredentials runningOnComputeEngine
INFO: Failed to detect whether we are running on Google Compute Engine.
15:32:56.534 INFO  CollectReadCounts - ------------------------------------------------------------
15:32:56.535 INFO  CollectReadCounts - The Genome Analysis Toolkit (GATK) v4.2.5.0
15:32:56.536 INFO  CollectReadCounts - For support and documentation go to https://software.broadinstitute.org/gatk/
15:32:56.537 INFO  CollectReadCounts - Executing as a905383@atlas-193 on Linux v3.10.0-693.el7.x86_64 amd64
15:32:56.537 INFO  CollectReadCounts - Java runtime: OpenJDK 64-Bit Server VM v11.0.13+7-b1751.21
15:32:56.538 INFO  CollectReadCounts - Start Date/Time: May 5, 2022 at 3:32:55 PM CEST
15:32:56.538 INFO  CollectReadCounts - ------------------------------------------------------------
15:32:56.538 INFO  CollectReadCounts - ------------------------------------------------------------
15:32:56.545 INFO  CollectReadCounts - HTSJDK Version: 2.24.1
15:32:56.545 INFO  CollectReadCounts - Picard Version: 2.25.4
15:32:56.546 INFO  CollectReadCounts - Built for Spark Version: 2.4.5
15:32:56.546 INFO  CollectReadCounts - HTSJDK Defaults.COMPRESSION_LEVEL : 2
15:32:56.546 INFO  CollectReadCounts - HTSJDK Defaults.USE_ASYNC_IO_READ_FOR_SAMTOOLS : false
15:32:56.546 INFO  CollectReadCounts - HTSJDK Defaults.USE_ASYNC_IO_WRITE_FOR_SAMTOOLS : true
15:32:56.547 INFO  CollectReadCounts - HTSJDK Defaults.USE_ASYNC_IO_WRITE_FOR_TRIBBLE : false
15:32:56.547 INFO  CollectReadCounts - Deflater: IntelDeflater
15:32:56.547 INFO  CollectReadCounts - Inflater: IntelInflater
15:32:56.548 INFO  CollectReadCounts - GCS max retries/reopens: 20
15:32:56.548 INFO  CollectReadCounts - Requester pays: disabled
15:32:56.548 INFO  CollectReadCounts - Initializing engine
15:32:56.914 INFO  FeatureManager - Using codec IntervalListCodec to read file file:///scratch/a905383/CNV/preprocessed_intervals100000.interval_list
15:32:57.807 INFO  IntervalArgumentCollection - Processing 2958930931 bp from intervals
15:32:57.832 INFO  CollectReadCounts - Done initializing engine
15:32:57.838 INFO  CollectReadCounts - Collecting read counts...
15:32:57.839 INFO  ProgressMeter - Starting traversal
15:32:57.839 INFO  ProgressMeter -        Current Locus  Elapsed Minutes       Reads Processed     Reads/Minute
15:33:07.841 INFO  ProgressMeter -           1:94309667              0.2               3025000       18146370.7
15:33:17.842 INFO  ProgressMeter -          1:200706601              0.3               5710000       17127430.9
15:33:27.842 INFO  ProgressMeter -          10:67956987              0.5               9456000       18910109.0
15:33:38.104 INFO  ProgressMeter -          11:54560774              0.7              13290000       19804291.7
15:33:48.141 INFO  ProgressMeter -          12:35569129              0.8              17107000       20405152.9
15:33:58.142 INFO  ProgressMeter -          13:29987748              1.0              20666000       20562161.1
15:34:08.143 INFO  ProgressMeter -          14:45505463              1.2              24369000       20797690.0
15:34:18.145 INFO  ProgressMeter -          15:81275594              1.3              27910000       20852997.9
15:34:28.145 INFO  ProgressMeter -          17:11038964              1.5              31363000       20838048.8
15:34:38.145 INFO  ProgressMeter -          18:47033175              1.7              34866000       20855781.3
15:34:48.145 INFO  ProgressMeter -           2:27972586              1.8              38545000       20966221.2
15:34:58.145 INFO  ProgressMeter -          2:132509982              2.0              41797000       20845344.4
15:35:08.149 INFO  ProgressMeter -          2:239973151              2.2              45412000       20909844.4
15:35:18.147 INFO  ProgressMeter -          21:22015268              2.3              47920000       20492060.3
15:35:28.149 INFO  ProgressMeter -           3:30789932              2.5              50836000       20292462.2
15:35:38.149 INFO  ProgressMeter -          3:135522616              2.7              54016000       20216829.9
15:35:48.160 INFO  ProgressMeter -           4:34201662              2.8              57230000       20160873.6
15:35:58.161 INFO  ProgressMeter -          4:126182237              3.0              60274000       20055567.6
15:36:08.163 INFO  ProgressMeter -           5:37928253              3.2              63667000       20071141.8
15:36:18.163 INFO  ProgressMeter -          5:119377865              3.3              66273000       19849743.4
15:36:28.164 INFO  ProgressMeter -           6:44087688              3.5              69757000       19899774.2
15:36:38.164 INFO  ProgressMeter -          6:147191362              3.7              73183000       19929558.6
15:36:48.164 INFO  ProgressMeter -           7:84323719              3.8              76534000       19937219.1
15:36:58.166 INFO  ProgressMeter -           8:23435127              4.0              80042000       19983272.8
15:37:08.167 INFO  ProgressMeter -           8:96720144              4.2              83500000       20013821.9
15:37:18.183 INFO  ProgressMeter -           9:40791876              4.3              87140000       20083354.1
15:37:28.175 INFO  ProgressMeter -           X:23410547              4.5              90285000       20038396.7
15:37:38.191 INFO  ProgressMeter -     KI270589.1:42180              4.7              92726000       19844980.0
15:37:38.672 INFO  CollectReadCounts - 0 read(s) filtered by: WellformedReadFilter 
394022 read(s) filtered by: MappedReadFilter 
0 read(s) filtered by: NonZeroReferenceLengthAlignmentReadFilter 
25948271 read(s) filtered by: NotDuplicateReadFilter 
9292282 read(s) filtered by: MappingQualityReadFilter 
35634575 total reads filtered
15:37:38.675 INFO  ProgressMeter -        KI270336.1:99              4.7              92795211       19825636.0
15:37:38.676 INFO  ProgressMeter - Traversal complete. Processed 92795211 total reads in 4.7 minutes.
15:37:38.676 INFO  CollectReadCounts - Writing read counts to /scratch/a905383/CNV/counts/SRR6452350.counts.hdf5...
log4j:WARN No appenders could be found for logger (org.broadinstitute.hdf5.HDF5Library).
log4j:WARN Please initialize the log4j system properly.
log4j:WARN See http://logging.apache.org/log4j/1.2/faq.html#noconfig for more info.
15:37:39.088 INFO  CollectReadCounts - CollectReadCounts complete.
15:37:39.089 INFO  CollectReadCounts - Shutting down engine
[May 5, 2022 at 3:37:39 PM CEST] org.broadinstitute.hellbender.tools.copynumber.CollectReadCounts done. Elapsed time: 4.72 minutes.
Runtime.totalMemory()=57585664
