Cargando compiladores de Intel...

The following have been reloaded with a version change:
  1) GCCcore/8.2.0 => GCCcore/10.3.0
  2) binutils/.2.31.1-GCCcore-8.2.0 => binutils/.2.36.1-GCCcore-10.3.0
  3) zlib/.1.2.11-GCCcore-8.2.0 => zlib/.1.2.11-GCCcore-10.3.0

Cargando librerias de compresion...

The following have been reloaded with a version change:
  1) GCCcore/10.3.0 => GCCcore/6.4.0
  2) GLib/.2.60.1-GCCcore-8.2.0 => GLib/.2.53.5-GCCcore-6.4.0
  3) LibTIFF/.4.0.10-GCCcore-8.2.0 => LibTIFF/.4.0.9-intel-2017b
  4) NASM/2.14.02-GCCcore-8.2.0 => NASM/2.13.01-GCCcore-6.4.0
  5) PCRE/.8.43-GCCcore-8.2.0 => PCRE/.8.41-GCCcore-6.4.0
  6) XZ/.5.2.4-GCCcore-8.2.0 => XZ/.5.2.3-GCCcore-6.4.0
  7) binutils/.2.36.1-GCCcore-10.3.0 => binutils/.2.28-GCCcore-6.4.0
  8) bzip2/.1.0.6-GCCcore-8.2.0 => bzip2/.1.0.6-GCCcore-6.4.0
  9) gettext/.0.19.8.1-GCCcore-8.2.0 => gettext/.0.19.8.1-GCCcore-6.4.0
 10) icc/2019.1.144-GCC-8.2.0-2.31.1 => icc/2017.4.196-GCC-6.4.0-2.28
 11) iccifort/2019.1.144-GCC-8.2.0-2.31.1 => iccifort/2017.4.196-GCC-6.4.0-2.28
 12) ifort/2019.1.144-GCC-8.2.0-2.31.1 => ifort/2017.4.196-GCC-6.4.0-2.28
 13) iimpi/2019a => iimpi/2017b
 14) imkl/2019.1.144-iimpi-2019a => imkl/2017.3.196-iimpi-2017b
 15) impi/2018.4.274-iccifort-2019.1.144-GCC-8.2.0-2.31.1 => impi/2017.3.196-iccifort-2017.4.196-GCC-6.4.0-2.28
 16) intel/2019a => intel/2017b
 17) libffi/.3.2.1-GCCcore-8.2.0 => libffi/.3.2.1-GCCcore-6.4.0
 18) libjpeg-turbo/.2.0.2-GCCcore-8.2.0 => libjpeg-turbo/1.5.2-GCCcore-6.4.0
 19) libpng/.1.6.36-GCCcore-8.2.0 => libpng/.1.6.32-GCCcore-6.4.0
 20) libxml2/.2.9.8-GCCcore-8.2.0 => libxml2/.2.9.4-GCCcore-6.4.0
 21) ncurses/.6.1-GCCcore-8.2.0 => ncurses/.6.0-GCCcore-6.4.0
 22) util-linux/.2.33-GCCcore-8.2.0 => util-linux/.2.31-GCCcore-6.4.0
 23) zlib/.1.2.11-GCCcore-10.3.0 => zlib/.1.2.11-GCCcore-6.4.0

Cargando IGV...
Cargando R/3.6.2-intel-2019a...

The following have been reloaded with a version change:
  1) GCCcore/6.4.0 => GCCcore/8.2.0
  2) LibTIFF/.4.0.9-intel-2017b => LibTIFF/.4.0.10-GCCcore-8.2.0
  3) NASM/2.13.01-GCCcore-6.4.0 => NASM/2.14.02-GCCcore-8.2.0
  4) PCRE/.8.41-GCCcore-6.4.0 => PCRE/.8.43-GCCcore-8.2.0
  5) XZ/.5.2.3-GCCcore-6.4.0 => XZ/.5.2.4-GCCcore-8.2.0
  6) binutils/.2.28-GCCcore-6.4.0 => binutils/.2.31.1-GCCcore-8.2.0
  7) bzip2/.1.0.6-GCCcore-6.4.0 => bzip2/.1.0.6-GCCcore-8.2.0
  8) icc/2017.4.196-GCC-6.4.0-2.28 => icc/2019.1.144-GCC-8.2.0-2.31.1
  9) iccifort/2017.4.196-GCC-6.4.0-2.28 => iccifort/2019.1.144-GCC-8.2.0-2.31.1
 10) ifort/2017.4.196-GCC-6.4.0-2.28 => ifort/2019.1.144-GCC-8.2.0-2.31.1
 11) iimpi/2017b => iimpi/2019a
 12) imkl/2017.3.196-iimpi-2017b => imkl/2019.1.144-iimpi-2019a
 13) impi/2017.3.196-iccifort-2017.4.196-GCC-6.4.0-2.28 => impi/2018.4.274-iccifort-2019.1.144-GCC-8.2.0-2.31.1
 14) intel/2017b => intel/2019a
 15) libjpeg-turbo/1.5.2-GCCcore-6.4.0 => libjpeg-turbo/.2.0.2-GCCcore-8.2.0
 16) libpng/.1.6.32-GCCcore-6.4.0 => libpng/.1.6.36-GCCcore-8.2.0
 17) libxml2/.2.9.4-GCCcore-6.4.0 => libxml2/.2.9.8-GCCcore-8.2.0
 18) ncurses/.6.0-GCCcore-6.4.0 => ncurses/.6.1-GCCcore-8.2.0
 19) zlib/.1.2.11-GCCcore-6.4.0 => zlib/.1.2.11-GCCcore-8.2.0

Cargando Java...
Cargando paths: kallisto, hisat, fastqc, STAR, conda, multiqc, bwa, stringtie, picard, samtools, samblaster, gatk ...
SRR645274
Using GATK jar /scratch/arubio/bin/gatk-4.2.5.0/gatk-package-4.2.5.0-local.jar
Running:
    java -Dsamjdk.use_async_io_read_samtools=false -Dsamjdk.use_async_io_write_samtools=true -Dsamjdk.use_async_io_write_tribble=false -Dsamjdk.compression_level=2 -jar /scratch/arubio/bin/gatk-4.2.5.0/gatk-package-4.2.5.0-local.jar CollectReadCounts -L /scratch/a905383/CNV/preprocessed_intervals100000.interval_list -I /scratch/a905383/CNV/raw_data/SRR645274_aligned.bam --interval-merging-rule OVERLAPPING_ONLY -O /scratch/a905383/CNV/counts/SRR6452740.counts.hdf5
15:37:48.657 INFO  NativeLibraryLoader - Loading libgkl_compression.so from jar:file:/scratch/arubio/bin/gatk-4.2.5.0/gatk-package-4.2.5.0-local.jar!/com/intel/gkl/native/libgkl_compression.so
May 05, 2022 3:37:49 PM shaded.cloud_nio.com.google.auth.oauth2.ComputeEngineCredentials runningOnComputeEngine
INFO: Failed to detect whether we are running on Google Compute Engine.
15:37:49.185 INFO  CollectReadCounts - ------------------------------------------------------------
15:37:49.186 INFO  CollectReadCounts - The Genome Analysis Toolkit (GATK) v4.2.5.0
15:37:49.187 INFO  CollectReadCounts - For support and documentation go to https://software.broadinstitute.org/gatk/
15:37:49.188 INFO  CollectReadCounts - Executing as a905383@atlas-193 on Linux v3.10.0-693.el7.x86_64 amd64
15:37:49.188 INFO  CollectReadCounts - Java runtime: OpenJDK 64-Bit Server VM v11.0.13+7-b1751.21
15:37:49.189 INFO  CollectReadCounts - Start Date/Time: May 5, 2022 at 3:37:48 PM CEST
15:37:49.189 INFO  CollectReadCounts - ------------------------------------------------------------
15:37:49.190 INFO  CollectReadCounts - ------------------------------------------------------------
15:37:49.193 INFO  CollectReadCounts - HTSJDK Version: 2.24.1
15:37:49.194 INFO  CollectReadCounts - Picard Version: 2.25.4
15:37:49.194 INFO  CollectReadCounts - Built for Spark Version: 2.4.5
15:37:49.195 INFO  CollectReadCounts - HTSJDK Defaults.COMPRESSION_LEVEL : 2
15:37:49.195 INFO  CollectReadCounts - HTSJDK Defaults.USE_ASYNC_IO_READ_FOR_SAMTOOLS : false
15:37:49.195 INFO  CollectReadCounts - HTSJDK Defaults.USE_ASYNC_IO_WRITE_FOR_SAMTOOLS : true
15:37:49.196 INFO  CollectReadCounts - HTSJDK Defaults.USE_ASYNC_IO_WRITE_FOR_TRIBBLE : false
15:37:49.196 INFO  CollectReadCounts - Deflater: IntelDeflater
15:37:49.197 INFO  CollectReadCounts - Inflater: IntelInflater
15:37:49.197 INFO  CollectReadCounts - GCS max retries/reopens: 20
15:37:49.197 INFO  CollectReadCounts - Requester pays: disabled
15:37:49.198 INFO  CollectReadCounts - Initializing engine
15:37:49.630 INFO  FeatureManager - Using codec IntervalListCodec to read file file:///scratch/a905383/CNV/preprocessed_intervals100000.interval_list
15:37:50.685 INFO  IntervalArgumentCollection - Processing 2958930931 bp from intervals
15:37:50.726 INFO  CollectReadCounts - Done initializing engine
15:37:50.732 INFO  CollectReadCounts - Collecting read counts...
15:37:50.732 INFO  ProgressMeter - Starting traversal
15:37:50.733 INFO  ProgressMeter -        Current Locus  Elapsed Minutes       Reads Processed     Reads/Minute
15:38:00.734 INFO  ProgressMeter -           1:71953552              0.2               2895000       17368263.2
15:38:10.734 INFO  ProgressMeter -          1:178352772              0.3               6486000       19457027.1
15:38:20.735 INFO  ProgressMeter -          10:29339146              0.5              10891000       21781274.0
15:38:30.735 INFO  ProgressMeter -         10:129767145              0.7              15146000       22718432.0
15:38:40.735 INFO  ProgressMeter -         11:102275422              0.8              19577000       23491460.3
15:38:50.737 INFO  ProgressMeter -          12:73636968              1.0              24176000       24174388.4
15:39:00.738 INFO  ProgressMeter -          13:70942399              1.2              29104000       24944860.3
15:39:10.745 INFO  ProgressMeter -          14:88512090              1.3              34143000       25605969.7
15:39:20.737 INFO  ProgressMeter -          16:19335080              1.5              39025000       26015510.4
15:39:31.108 INFO  ProgressMeter -          17:64841766              1.7              43817000       26191980.1
15:39:41.110 INFO  ProgressMeter -          19:27892005              1.8              48729000       26488910.6
15:39:51.111 INFO  ProgressMeter -           2:89145501              2.0              53787000       26809051.5
15:40:01.114 INFO  ProgressMeter -          2:206341722              2.2              58772000       27046894.4
15:40:11.111 INFO  ProgressMeter -          21:21914227              2.3              63517000       27148271.1
15:40:21.112 INFO  ProgressMeter -           3:59509795              2.5              68563000       27356080.3
15:40:31.114 INFO  ProgressMeter -          3:173865810              2.7              73675000       27562491.8
15:40:41.115 INFO  ProgressMeter -           4:87392970              2.8              78520000       27650808.2
15:40:51.116 INFO  ProgressMeter -           5:13455849              3.0              83741000       27854398.7
15:41:01.118 INFO  ProgressMeter -          5:125263344              3.2              88580000       27916211.4
15:41:11.123 INFO  ProgressMeter -           6:62168138              3.3              93638000       28037567.9
15:41:21.117 INFO  ProgressMeter -            7:9930576              3.5              98891000       28203000.2
15:41:31.118 INFO  ProgressMeter -          7:128749341              3.7             103870000       28278694.1
15:41:41.120 INFO  ProgressMeter -           8:88336057              3.8             108952000       28374764.0
15:41:51.118 INFO  ProgressMeter -           9:77088747              4.0             113768000       28396447.4
15:42:01.120 INFO  ProgressMeter -          X:107119714              4.2             118817000       28472119.0
15:42:07.656 INFO  CollectReadCounts - 0 read(s) filtered by: WellformedReadFilter 
1121620 read(s) filtered by: MappedReadFilter 
0 read(s) filtered by: NonZeroReferenceLengthAlignmentReadFilter 
15275064 read(s) filtered by: NotDuplicateReadFilter 
10586279 read(s) filtered by: MappingQualityReadFilter 
26982963 total reads filtered
15:42:07.657 INFO  ProgressMeter -       KI270336.1:785              4.3             120679160       28182457.1
15:42:07.658 INFO  ProgressMeter - Traversal complete. Processed 120679160 total reads in 4.3 minutes.
15:42:07.659 INFO  CollectReadCounts - Writing read counts to /scratch/a905383/CNV/counts/SRR6452740.counts.hdf5...
log4j:WARN No appenders could be found for logger (org.broadinstitute.hdf5.HDF5Library).
log4j:WARN Please initialize the log4j system properly.
log4j:WARN See http://logging.apache.org/log4j/1.2/faq.html#noconfig for more info.
15:42:07.991 INFO  CollectReadCounts - CollectReadCounts complete.
15:42:07.992 INFO  CollectReadCounts - Shutting down engine
[May 5, 2022 at 3:42:07 PM CEST] org.broadinstitute.hellbender.tools.copynumber.CollectReadCounts done. Elapsed time: 4.32 minutes.
Runtime.totalMemory()=57585664
