Cargando compiladores de Intel...

The following have been reloaded with a version change:
  1) GCCcore/8.2.0 => GCCcore/10.3.0
  2) binutils/.2.31.1-GCCcore-8.2.0 => binutils/.2.36.1-GCCcore-10.3.0
  3) zlib/.1.2.11-GCCcore-8.2.0 => zlib/.1.2.11-GCCcore-10.3.0

Cargando librerias de compresion...

The following have been reloaded with a version change:
  1) GCCcore/10.3.0 => GCCcore/6.4.0
  2) GLib/.2.60.1-GCCcore-8.2.0 => GLib/.2.53.5-GCCcore-6.4.0
  3) LibTIFF/.4.0.10-GCCcore-8.2.0 => LibTIFF/.4.0.9-intel-2017b
  4) NASM/2.14.02-GCCcore-8.2.0 => NASM/2.13.01-GCCcore-6.4.0
  5) PCRE/.8.43-GCCcore-8.2.0 => PCRE/.8.41-GCCcore-6.4.0
  6) XZ/.5.2.4-GCCcore-8.2.0 => XZ/.5.2.3-GCCcore-6.4.0
  7) binutils/.2.36.1-GCCcore-10.3.0 => binutils/.2.28-GCCcore-6.4.0
  8) bzip2/.1.0.6-GCCcore-8.2.0 => bzip2/.1.0.6-GCCcore-6.4.0
  9) gettext/.0.19.8.1-GCCcore-8.2.0 => gettext/.0.19.8.1-GCCcore-6.4.0
 10) icc/2019.1.144-GCC-8.2.0-2.31.1 => icc/2017.4.196-GCC-6.4.0-2.28
 11) iccifort/2019.1.144-GCC-8.2.0-2.31.1 => iccifort/2017.4.196-GCC-6.4.0-2.28
 12) ifort/2019.1.144-GCC-8.2.0-2.31.1 => ifort/2017.4.196-GCC-6.4.0-2.28
 13) iimpi/2019a => iimpi/2017b
 14) imkl/2019.1.144-iimpi-2019a => imkl/2017.3.196-iimpi-2017b
 15) impi/2018.4.274-iccifort-2019.1.144-GCC-8.2.0-2.31.1 => impi/2017.3.196-iccifort-2017.4.196-GCC-6.4.0-2.28
 16) intel/2019a => intel/2017b
 17) libffi/.3.2.1-GCCcore-8.2.0 => libffi/.3.2.1-GCCcore-6.4.0
 18) libjpeg-turbo/.2.0.2-GCCcore-8.2.0 => libjpeg-turbo/1.5.2-GCCcore-6.4.0
 19) libpng/.1.6.36-GCCcore-8.2.0 => libpng/.1.6.32-GCCcore-6.4.0
 20) libxml2/.2.9.8-GCCcore-8.2.0 => libxml2/.2.9.4-GCCcore-6.4.0
 21) ncurses/.6.1-GCCcore-8.2.0 => ncurses/.6.0-GCCcore-6.4.0
 22) util-linux/.2.33-GCCcore-8.2.0 => util-linux/.2.31-GCCcore-6.4.0
 23) zlib/.1.2.11-GCCcore-10.3.0 => zlib/.1.2.11-GCCcore-6.4.0

Cargando IGV...
Cargando R/3.6.2-intel-2019a...

The following have been reloaded with a version change:
  1) GCCcore/6.4.0 => GCCcore/8.2.0
  2) LibTIFF/.4.0.9-intel-2017b => LibTIFF/.4.0.10-GCCcore-8.2.0
  3) NASM/2.13.01-GCCcore-6.4.0 => NASM/2.14.02-GCCcore-8.2.0
  4) PCRE/.8.41-GCCcore-6.4.0 => PCRE/.8.43-GCCcore-8.2.0
  5) XZ/.5.2.3-GCCcore-6.4.0 => XZ/.5.2.4-GCCcore-8.2.0
  6) binutils/.2.28-GCCcore-6.4.0 => binutils/.2.31.1-GCCcore-8.2.0
  7) bzip2/.1.0.6-GCCcore-6.4.0 => bzip2/.1.0.6-GCCcore-8.2.0
  8) icc/2017.4.196-GCC-6.4.0-2.28 => icc/2019.1.144-GCC-8.2.0-2.31.1
  9) iccifort/2017.4.196-GCC-6.4.0-2.28 => iccifort/2019.1.144-GCC-8.2.0-2.31.1
 10) ifort/2017.4.196-GCC-6.4.0-2.28 => ifort/2019.1.144-GCC-8.2.0-2.31.1
 11) iimpi/2017b => iimpi/2019a
 12) imkl/2017.3.196-iimpi-2017b => imkl/2019.1.144-iimpi-2019a
 13) impi/2017.3.196-iccifort-2017.4.196-GCC-6.4.0-2.28 => impi/2018.4.274-iccifort-2019.1.144-GCC-8.2.0-2.31.1
 14) intel/2017b => intel/2019a
 15) libjpeg-turbo/1.5.2-GCCcore-6.4.0 => libjpeg-turbo/.2.0.2-GCCcore-8.2.0
 16) libpng/.1.6.32-GCCcore-6.4.0 => libpng/.1.6.36-GCCcore-8.2.0
 17) libxml2/.2.9.4-GCCcore-6.4.0 => libxml2/.2.9.8-GCCcore-8.2.0
 18) ncurses/.6.0-GCCcore-6.4.0 => ncurses/.6.1-GCCcore-8.2.0
 19) zlib/.1.2.11-GCCcore-6.4.0 => zlib/.1.2.11-GCCcore-8.2.0

Cargando Java...
Cargando paths: kallisto, hisat, fastqc, STAR, conda, multiqc, bwa, stringtie, picard, samtools, samblaster, gatk ...
SRR645272
Using GATK jar /scratch/arubio/bin/gatk-4.2.5.0/gatk-package-4.2.5.0-local.jar
Running:
    java -Dsamjdk.use_async_io_read_samtools=false -Dsamjdk.use_async_io_write_samtools=true -Dsamjdk.use_async_io_write_tribble=false -Dsamjdk.compression_level=2 -jar /scratch/arubio/bin/gatk-4.2.5.0/gatk-package-4.2.5.0-local.jar CollectReadCounts -L /scratch/a905383/CNV/preprocessed_intervals100000.interval_list -I /scratch/a905383/CNV/raw_data/SRR645272_aligned.bam --interval-merging-rule OVERLAPPING_ONLY -O /scratch/a905383/CNV/counts/SRR6452720.counts.hdf5
15:37:44.539 INFO  NativeLibraryLoader - Loading libgkl_compression.so from jar:file:/scratch/arubio/bin/gatk-4.2.5.0/gatk-package-4.2.5.0-local.jar!/com/intel/gkl/native/libgkl_compression.so
May 05, 2022 3:37:45 PM shaded.cloud_nio.com.google.auth.oauth2.ComputeEngineCredentials runningOnComputeEngine
INFO: Failed to detect whether we are running on Google Compute Engine.
15:37:45.175 INFO  CollectReadCounts - ------------------------------------------------------------
15:37:45.176 INFO  CollectReadCounts - The Genome Analysis Toolkit (GATK) v4.2.5.0
15:37:45.177 INFO  CollectReadCounts - For support and documentation go to https://software.broadinstitute.org/gatk/
15:37:45.178 INFO  CollectReadCounts - Executing as a905383@atlas-193 on Linux v3.10.0-693.el7.x86_64 amd64
15:37:45.178 INFO  CollectReadCounts - Java runtime: OpenJDK 64-Bit Server VM v11.0.13+7-b1751.21
15:37:45.179 INFO  CollectReadCounts - Start Date/Time: May 5, 2022 at 3:37:44 PM CEST
15:37:45.179 INFO  CollectReadCounts - ------------------------------------------------------------
15:37:45.180 INFO  CollectReadCounts - ------------------------------------------------------------
15:37:45.188 INFO  CollectReadCounts - HTSJDK Version: 2.24.1
15:37:45.188 INFO  CollectReadCounts - Picard Version: 2.25.4
15:37:45.188 INFO  CollectReadCounts - Built for Spark Version: 2.4.5
15:37:45.189 INFO  CollectReadCounts - HTSJDK Defaults.COMPRESSION_LEVEL : 2
15:37:45.189 INFO  CollectReadCounts - HTSJDK Defaults.USE_ASYNC_IO_READ_FOR_SAMTOOLS : false
15:37:45.190 INFO  CollectReadCounts - HTSJDK Defaults.USE_ASYNC_IO_WRITE_FOR_SAMTOOLS : true
15:37:45.190 INFO  CollectReadCounts - HTSJDK Defaults.USE_ASYNC_IO_WRITE_FOR_TRIBBLE : false
15:37:45.191 INFO  CollectReadCounts - Deflater: IntelDeflater
15:37:45.191 INFO  CollectReadCounts - Inflater: IntelInflater
15:37:45.191 INFO  CollectReadCounts - GCS max retries/reopens: 20
15:37:45.192 INFO  CollectReadCounts - Requester pays: disabled
15:37:45.192 INFO  CollectReadCounts - Initializing engine
15:37:45.564 INFO  FeatureManager - Using codec IntervalListCodec to read file file:///scratch/a905383/CNV/preprocessed_intervals100000.interval_list
15:37:46.494 INFO  IntervalArgumentCollection - Processing 2958930931 bp from intervals
15:37:46.518 INFO  CollectReadCounts - Done initializing engine
15:37:46.525 INFO  CollectReadCounts - Collecting read counts...
15:37:46.526 INFO  ProgressMeter - Starting traversal
15:37:46.527 INFO  ProgressMeter -        Current Locus  Elapsed Minutes       Reads Processed     Reads/Minute
15:37:56.528 INFO  ProgressMeter -           1:73852883              0.2               2796000       16776000.0
15:38:06.529 INFO  ProgressMeter -          1:166624660              0.3               5793000       17377262.3
15:38:16.529 INFO  ProgressMeter -          1:236384423              0.5               9814000       19626691.6
15:38:26.531 INFO  ProgressMeter -          10:77081691              0.7              13454000       20179486.5
15:38:36.530 INFO  ProgressMeter -          11:80374437              0.8              17562000       21073135.6
15:38:46.531 INFO  ProgressMeter -          12:65487486              1.0              21663000       21661555.9
15:38:56.532 INFO  ProgressMeter -          13:61151815              1.2              26099000       22369293.2
15:39:06.540 INFO  ProgressMeter -          14:80325918              1.3              30692000       23017561.4
15:39:16.533 INFO  ProgressMeter -           16:7350418              1.5              35200000       23465363.0
15:39:26.534 INFO  ProgressMeter -          17:47891733              1.7              39412000       23645544.8
15:39:36.543 INFO  ProgressMeter -           19:6849386              1.8              43973000       23983528.5
15:39:46.537 INFO  ProgressMeter -           2:56299652              2.0              48530000       24263180.3
15:39:56.536 INFO  ProgressMeter -          2:174301902              2.2              52982000       24451538.0
15:40:06.536 INFO  ProgressMeter -          20:62084104              2.3              57719000       24735124.2
15:40:16.536 INFO  ProgressMeter -           3:46791128              2.5              61948000       24777713.3
15:40:26.536 INFO  ProgressMeter -          3:154226907              2.7              66266000       24848352.3
15:40:36.543 INFO  ProgressMeter -           4:49118897              2.8              71036000       25069170.0
15:40:46.544 INFO  ProgressMeter -          4:163036695              3.0              75574000       25188954.4
15:40:56.544 INFO  ProgressMeter -          5:116867251              3.2              79946000       25243846.6
15:41:06.711 INFO  ProgressMeter -           6:60235174              3.3              84736000       25397434.4
15:41:16.712 INFO  ProgressMeter -            7:6000622              3.5              89385000       25516093.0
15:41:26.714 INFO  ProgressMeter -          7:126655915              3.7              93969000       25606260.2
15:41:36.716 INFO  ProgressMeter -          8:101070177              3.8              98656000       25715440.1
15:41:46.715 INFO  ProgressMeter -            X:5819176              4.0             103170000       25772311.7
15:41:56.721 INFO  ProgressMeter -     GL000224.1:19883              4.2             106709000       25590404.2
15:41:58.225 INFO  CollectReadCounts - 0 read(s) filtered by: WellformedReadFilter 
1039399 read(s) filtered by: MappedReadFilter 
0 read(s) filtered by: NonZeroReferenceLengthAlignmentReadFilter 
27117051 read(s) filtered by: NotDuplicateReadFilter 
10335413 read(s) filtered by: MappingQualityReadFilter 
38491863 total reads filtered
15:41:58.226 INFO  ProgressMeter -       KI270337.1:759              4.2             106926892       25489229.3
15:41:58.226 INFO  ProgressMeter - Traversal complete. Processed 106926892 total reads in 4.2 minutes.
15:41:58.228 INFO  CollectReadCounts - Writing read counts to /scratch/a905383/CNV/counts/SRR6452720.counts.hdf5...
log4j:WARN No appenders could be found for logger (org.broadinstitute.hdf5.HDF5Library).
log4j:WARN Please initialize the log4j system properly.
log4j:WARN See http://logging.apache.org/log4j/1.2/faq.html#noconfig for more info.
15:41:58.522 INFO  CollectReadCounts - CollectReadCounts complete.
15:41:58.523 INFO  CollectReadCounts - Shutting down engine
[May 5, 2022 at 3:41:58 PM CEST] org.broadinstitute.hellbender.tools.copynumber.CollectReadCounts done. Elapsed time: 4.24 minutes.
Runtime.totalMemory()=57581568
