Cargando compiladores de Intel...

The following have been reloaded with a version change:
  1) GCCcore/8.2.0 => GCCcore/10.3.0
  2) binutils/.2.31.1-GCCcore-8.2.0 => binutils/.2.36.1-GCCcore-10.3.0
  3) zlib/.1.2.11-GCCcore-8.2.0 => zlib/.1.2.11-GCCcore-10.3.0

Cargando librerias de compresion...

The following have been reloaded with a version change:
  1) GCCcore/10.3.0 => GCCcore/6.4.0
  2) GLib/.2.60.1-GCCcore-8.2.0 => GLib/.2.53.5-GCCcore-6.4.0
  3) LibTIFF/.4.0.10-GCCcore-8.2.0 => LibTIFF/.4.0.9-intel-2017b
  4) NASM/2.14.02-GCCcore-8.2.0 => NASM/2.13.01-GCCcore-6.4.0
  5) PCRE/.8.43-GCCcore-8.2.0 => PCRE/.8.41-GCCcore-6.4.0
  6) XZ/.5.2.4-GCCcore-8.2.0 => XZ/.5.2.3-GCCcore-6.4.0
  7) binutils/.2.36.1-GCCcore-10.3.0 => binutils/.2.28-GCCcore-6.4.0
  8) bzip2/.1.0.6-GCCcore-8.2.0 => bzip2/.1.0.6-GCCcore-6.4.0
  9) gettext/.0.19.8.1-GCCcore-8.2.0 => gettext/.0.19.8.1-GCCcore-6.4.0
 10) icc/2019.1.144-GCC-8.2.0-2.31.1 => icc/2017.4.196-GCC-6.4.0-2.28
 11) iccifort/2019.1.144-GCC-8.2.0-2.31.1 => iccifort/2017.4.196-GCC-6.4.0-2.28
 12) ifort/2019.1.144-GCC-8.2.0-2.31.1 => ifort/2017.4.196-GCC-6.4.0-2.28
 13) iimpi/2019a => iimpi/2017b
 14) imkl/2019.1.144-iimpi-2019a => imkl/2017.3.196-iimpi-2017b
 15) impi/2018.4.274-iccifort-2019.1.144-GCC-8.2.0-2.31.1 => impi/2017.3.196-iccifort-2017.4.196-GCC-6.4.0-2.28
 16) intel/2019a => intel/2017b
 17) libffi/.3.2.1-GCCcore-8.2.0 => libffi/.3.2.1-GCCcore-6.4.0
 18) libjpeg-turbo/.2.0.2-GCCcore-8.2.0 => libjpeg-turbo/1.5.2-GCCcore-6.4.0
 19) libpng/.1.6.36-GCCcore-8.2.0 => libpng/.1.6.32-GCCcore-6.4.0
 20) libxml2/.2.9.8-GCCcore-8.2.0 => libxml2/.2.9.4-GCCcore-6.4.0
 21) ncurses/.6.1-GCCcore-8.2.0 => ncurses/.6.0-GCCcore-6.4.0
 22) util-linux/.2.33-GCCcore-8.2.0 => util-linux/.2.31-GCCcore-6.4.0
 23) zlib/.1.2.11-GCCcore-10.3.0 => zlib/.1.2.11-GCCcore-6.4.0

Cargando IGV...
Cargando R/3.6.2-intel-2019a...

The following have been reloaded with a version change:
  1) GCCcore/6.4.0 => GCCcore/8.2.0
  2) LibTIFF/.4.0.9-intel-2017b => LibTIFF/.4.0.10-GCCcore-8.2.0
  3) NASM/2.13.01-GCCcore-6.4.0 => NASM/2.14.02-GCCcore-8.2.0
  4) PCRE/.8.41-GCCcore-6.4.0 => PCRE/.8.43-GCCcore-8.2.0
  5) XZ/.5.2.3-GCCcore-6.4.0 => XZ/.5.2.4-GCCcore-8.2.0
  6) binutils/.2.28-GCCcore-6.4.0 => binutils/.2.31.1-GCCcore-8.2.0
  7) bzip2/.1.0.6-GCCcore-6.4.0 => bzip2/.1.0.6-GCCcore-8.2.0
  8) icc/2017.4.196-GCC-6.4.0-2.28 => icc/2019.1.144-GCC-8.2.0-2.31.1
  9) iccifort/2017.4.196-GCC-6.4.0-2.28 => iccifort/2019.1.144-GCC-8.2.0-2.31.1
 10) ifort/2017.4.196-GCC-6.4.0-2.28 => ifort/2019.1.144-GCC-8.2.0-2.31.1
 11) iimpi/2017b => iimpi/2019a
 12) imkl/2017.3.196-iimpi-2017b => imkl/2019.1.144-iimpi-2019a
 13) impi/2017.3.196-iccifort-2017.4.196-GCC-6.4.0-2.28 => impi/2018.4.274-iccifort-2019.1.144-GCC-8.2.0-2.31.1
 14) intel/2017b => intel/2019a
 15) libjpeg-turbo/1.5.2-GCCcore-6.4.0 => libjpeg-turbo/.2.0.2-GCCcore-8.2.0
 16) libpng/.1.6.32-GCCcore-6.4.0 => libpng/.1.6.36-GCCcore-8.2.0
 17) libxml2/.2.9.4-GCCcore-6.4.0 => libxml2/.2.9.8-GCCcore-8.2.0
 18) ncurses/.6.0-GCCcore-6.4.0 => ncurses/.6.1-GCCcore-8.2.0
 19) zlib/.1.2.11-GCCcore-6.4.0 => zlib/.1.2.11-GCCcore-8.2.0

Cargando Java...
Cargando paths: kallisto, hisat, fastqc, STAR, conda, multiqc, bwa, stringtie, picard, samtools, samblaster, gatk ...
SRR645224
Using GATK jar /scratch/arubio/bin/gatk-4.2.5.0/gatk-package-4.2.5.0-local.jar
Running:
    java -Dsamjdk.use_async_io_read_samtools=false -Dsamjdk.use_async_io_write_samtools=true -Dsamjdk.use_async_io_write_tribble=false -Dsamjdk.compression_level=2 -jar /scratch/arubio/bin/gatk-4.2.5.0/gatk-package-4.2.5.0-local.jar CollectReadCounts -L /scratch/a905383/CNV/preprocessed_intervals100000.interval_list -I /scratch/a905383/CNV/raw_data/SRR645224_aligned.bam --interval-merging-rule OVERLAPPING_ONLY -O /scratch/a905383/CNV/counts/SRR6452240.counts.hdf5
15:32:55.973 INFO  NativeLibraryLoader - Loading libgkl_compression.so from jar:file:/scratch/arubio/bin/gatk-4.2.5.0/gatk-package-4.2.5.0-local.jar!/com/intel/gkl/native/libgkl_compression.so
May 05, 2022 3:32:56 PM shaded.cloud_nio.com.google.auth.oauth2.ComputeEngineCredentials runningOnComputeEngine
INFO: Failed to detect whether we are running on Google Compute Engine.
15:32:56.441 INFO  CollectReadCounts - ------------------------------------------------------------
15:32:56.442 INFO  CollectReadCounts - The Genome Analysis Toolkit (GATK) v4.2.5.0
15:32:56.443 INFO  CollectReadCounts - For support and documentation go to https://software.broadinstitute.org/gatk/
15:32:56.443 INFO  CollectReadCounts - Executing as a905383@atlas-193 on Linux v3.10.0-693.el7.x86_64 amd64
15:32:56.444 INFO  CollectReadCounts - Java runtime: OpenJDK 64-Bit Server VM v11.0.13+7-b1751.21
15:32:56.444 INFO  CollectReadCounts - Start Date/Time: May 5, 2022 at 3:32:55 PM CEST
15:32:56.445 INFO  CollectReadCounts - ------------------------------------------------------------
15:32:56.445 INFO  CollectReadCounts - ------------------------------------------------------------
15:32:56.449 INFO  CollectReadCounts - HTSJDK Version: 2.24.1
15:32:56.449 INFO  CollectReadCounts - Picard Version: 2.25.4
15:32:56.449 INFO  CollectReadCounts - Built for Spark Version: 2.4.5
15:32:56.450 INFO  CollectReadCounts - HTSJDK Defaults.COMPRESSION_LEVEL : 2
15:32:56.450 INFO  CollectReadCounts - HTSJDK Defaults.USE_ASYNC_IO_READ_FOR_SAMTOOLS : false
15:32:56.451 INFO  CollectReadCounts - HTSJDK Defaults.USE_ASYNC_IO_WRITE_FOR_SAMTOOLS : true
15:32:56.451 INFO  CollectReadCounts - HTSJDK Defaults.USE_ASYNC_IO_WRITE_FOR_TRIBBLE : false
15:32:56.451 INFO  CollectReadCounts - Deflater: IntelDeflater
15:32:56.451 INFO  CollectReadCounts - Inflater: IntelInflater
15:32:56.452 INFO  CollectReadCounts - GCS max retries/reopens: 20
15:32:56.452 INFO  CollectReadCounts - Requester pays: disabled
15:32:56.452 INFO  CollectReadCounts - Initializing engine
15:32:56.812 INFO  FeatureManager - Using codec IntervalListCodec to read file file:///scratch/a905383/CNV/preprocessed_intervals100000.interval_list
15:32:57.723 INFO  IntervalArgumentCollection - Processing 2958930931 bp from intervals
15:32:57.744 INFO  CollectReadCounts - Done initializing engine
15:32:57.751 INFO  CollectReadCounts - Collecting read counts...
15:32:57.752 INFO  ProgressMeter - Starting traversal
15:32:57.752 INFO  ProgressMeter -        Current Locus  Elapsed Minutes       Reads Processed     Reads/Minute
15:33:07.753 INFO  ProgressMeter -           1:89095947              0.2               3705000       22230000.0
15:33:17.908 INFO  ProgressMeter -          1:180645894              0.3               6998000       20831514.2
15:33:27.909 INFO  ProgressMeter -          10:11759048              0.5              11436000       22752926.4
15:33:37.910 INFO  ProgressMeter -         10:125195276              0.7              15563000       23253231.1
15:33:47.911 INFO  ProgressMeter -          11:99371238              0.8              19741000       23614107.1
15:33:57.913 INFO  ProgressMeter -         12:108029241              1.0              23955000       23891289.9
15:34:08.014 INFO  ProgressMeter -          14:18333169              1.2              28152000       24040990.6
15:34:18.022 INFO  ProgressMeter -          15:27703320              1.3              32085000       23985497.3
15:34:28.018 INFO  ProgressMeter -          16:28825234              1.5              36281000       24116324.2
15:34:38.018 INFO  ProgressMeter -          17:57073505              1.7              39529000       23654479.1
15:34:48.019 INFO  ProgressMeter -          18:77481907              1.8              43620000       23735115.7
15:34:58.022 INFO  ProgressMeter -           2:36125685              2.0              47477000       23685208.3
15:35:08.025 INFO  ProgressMeter -          2:132806342              2.2              51239000       23599754.4
15:35:18.022 INFO  ProgressMeter -          2:220596868              2.3              54635000       23369929.4
15:35:28.023 INFO  ProgressMeter -           21:9871327              2.5              57501000       22958920.9
15:35:38.166 INFO  ProgressMeter -           3:12048995              2.7              60916000       22784545.0
15:35:48.167 INFO  ProgressMeter -           3:85097102              2.8              64079000       22561174.6
15:35:58.168 INFO  ProgressMeter -          3:172610856              3.0              67708000       22517418.2
15:36:08.167 INFO  ProgressMeter -           4:61701091              3.2              71286000       22462306.0
15:36:18.168 INFO  ProgressMeter -          4:129570193              3.3              74079000       22177681.3
15:36:28.168 INFO  ProgressMeter -           5:37625340              3.5              78120000       22275872.6
15:36:38.169 INFO  ProgressMeter -          5:128122378              3.7              81704000       22240752.8
15:36:48.170 INFO  ProgressMeter -           6:44676408              3.8              85848000       22354600.6
15:36:58.169 INFO  ProgressMeter -            7:4024258              4.0              89643000       22371878.9
15:37:08.170 INFO  ProgressMeter -          7:100543575              4.2              93404000       22379630.8
15:37:18.174 INFO  ProgressMeter -           8:47337249              4.3              97013000       22351594.9
15:37:28.175 INFO  ProgressMeter -          8:109360502              4.5             101067000       22424367.9
15:37:38.180 INFO  ProgressMeter -           9:61139515              4.7             104892000       22442552.1
15:37:48.184 INFO  ProgressMeter -           X:32525584              4.8             108832000       22483705.1
15:37:58.185 INFO  ProgressMeter -    GL000216.2:145758              5.0             111802000       22328173.0
15:38:00.011 INFO  CollectReadCounts - 0 read(s) filtered by: WellformedReadFilter 
649182 read(s) filtered by: MappedReadFilter 
0 read(s) filtered by: NonZeroReferenceLengthAlignmentReadFilter 
21947485 read(s) filtered by: NotDuplicateReadFilter 
11243878 read(s) filtered by: MappingQualityReadFilter 
33840545 total reads filtered
15:38:00.012 INFO  ProgressMeter -       KI270337.1:450              5.0             112017841       22236130.1
15:38:00.015 INFO  ProgressMeter - Traversal complete. Processed 112017841 total reads in 5.0 minutes.
15:38:00.015 INFO  CollectReadCounts - Writing read counts to /scratch/a905383/CNV/counts/SRR6452240.counts.hdf5...
log4j:WARN No appenders could be found for logger (org.broadinstitute.hdf5.HDF5Library).
log4j:WARN Please initialize the log4j system properly.
log4j:WARN See http://logging.apache.org/log4j/1.2/faq.html#noconfig for more info.
15:38:00.403 INFO  CollectReadCounts - CollectReadCounts complete.
15:38:00.404 INFO  CollectReadCounts - Shutting down engine
[May 5, 2022 at 3:38:00 PM CEST] org.broadinstitute.hellbender.tools.copynumber.CollectReadCounts done. Elapsed time: 5.08 minutes.
Runtime.totalMemory()=57704448
