Cargando compiladores de Intel...

The following have been reloaded with a version change:
  1) GCCcore/8.2.0 => GCCcore/10.3.0
  2) binutils/.2.31.1-GCCcore-8.2.0 => binutils/.2.36.1-GCCcore-10.3.0
  3) zlib/.1.2.11-GCCcore-8.2.0 => zlib/.1.2.11-GCCcore-10.3.0

Cargando librerias de compresion...

The following have been reloaded with a version change:
  1) GCCcore/10.3.0 => GCCcore/6.4.0
  2) GLib/.2.60.1-GCCcore-8.2.0 => GLib/.2.53.5-GCCcore-6.4.0
  3) LibTIFF/.4.0.10-GCCcore-8.2.0 => LibTIFF/.4.0.9-intel-2017b
  4) NASM/2.14.02-GCCcore-8.2.0 => NASM/2.13.01-GCCcore-6.4.0
  5) PCRE/.8.43-GCCcore-8.2.0 => PCRE/.8.41-GCCcore-6.4.0
  6) XZ/.5.2.4-GCCcore-8.2.0 => XZ/.5.2.3-GCCcore-6.4.0
  7) binutils/.2.36.1-GCCcore-10.3.0 => binutils/.2.28-GCCcore-6.4.0
  8) bzip2/.1.0.6-GCCcore-8.2.0 => bzip2/.1.0.6-GCCcore-6.4.0
  9) gettext/.0.19.8.1-GCCcore-8.2.0 => gettext/.0.19.8.1-GCCcore-6.4.0
 10) icc/2019.1.144-GCC-8.2.0-2.31.1 => icc/2017.4.196-GCC-6.4.0-2.28
 11) iccifort/2019.1.144-GCC-8.2.0-2.31.1 => iccifort/2017.4.196-GCC-6.4.0-2.28
 12) ifort/2019.1.144-GCC-8.2.0-2.31.1 => ifort/2017.4.196-GCC-6.4.0-2.28
 13) iimpi/2019a => iimpi/2017b
 14) imkl/2019.1.144-iimpi-2019a => imkl/2017.3.196-iimpi-2017b
 15) impi/2018.4.274-iccifort-2019.1.144-GCC-8.2.0-2.31.1 => impi/2017.3.196-iccifort-2017.4.196-GCC-6.4.0-2.28
 16) intel/2019a => intel/2017b
 17) libffi/.3.2.1-GCCcore-8.2.0 => libffi/.3.2.1-GCCcore-6.4.0
 18) libjpeg-turbo/.2.0.2-GCCcore-8.2.0 => libjpeg-turbo/1.5.2-GCCcore-6.4.0
 19) libpng/.1.6.36-GCCcore-8.2.0 => libpng/.1.6.32-GCCcore-6.4.0
 20) libxml2/.2.9.8-GCCcore-8.2.0 => libxml2/.2.9.4-GCCcore-6.4.0
 21) ncurses/.6.1-GCCcore-8.2.0 => ncurses/.6.0-GCCcore-6.4.0
 22) util-linux/.2.33-GCCcore-8.2.0 => util-linux/.2.31-GCCcore-6.4.0
 23) zlib/.1.2.11-GCCcore-10.3.0 => zlib/.1.2.11-GCCcore-6.4.0

Cargando IGV...
Cargando R/3.6.2-intel-2019a...

The following have been reloaded with a version change:
  1) GCCcore/6.4.0 => GCCcore/8.2.0
  2) LibTIFF/.4.0.9-intel-2017b => LibTIFF/.4.0.10-GCCcore-8.2.0
  3) NASM/2.13.01-GCCcore-6.4.0 => NASM/2.14.02-GCCcore-8.2.0
  4) PCRE/.8.41-GCCcore-6.4.0 => PCRE/.8.43-GCCcore-8.2.0
  5) XZ/.5.2.3-GCCcore-6.4.0 => XZ/.5.2.4-GCCcore-8.2.0
  6) binutils/.2.28-GCCcore-6.4.0 => binutils/.2.31.1-GCCcore-8.2.0
  7) bzip2/.1.0.6-GCCcore-6.4.0 => bzip2/.1.0.6-GCCcore-8.2.0
  8) icc/2017.4.196-GCC-6.4.0-2.28 => icc/2019.1.144-GCC-8.2.0-2.31.1
  9) iccifort/2017.4.196-GCC-6.4.0-2.28 => iccifort/2019.1.144-GCC-8.2.0-2.31.1
 10) ifort/2017.4.196-GCC-6.4.0-2.28 => ifort/2019.1.144-GCC-8.2.0-2.31.1
 11) iimpi/2017b => iimpi/2019a
 12) imkl/2017.3.196-iimpi-2017b => imkl/2019.1.144-iimpi-2019a
 13) impi/2017.3.196-iccifort-2017.4.196-GCC-6.4.0-2.28 => impi/2018.4.274-iccifort-2019.1.144-GCC-8.2.0-2.31.1
 14) intel/2017b => intel/2019a
 15) libjpeg-turbo/1.5.2-GCCcore-6.4.0 => libjpeg-turbo/.2.0.2-GCCcore-8.2.0
 16) libpng/.1.6.32-GCCcore-6.4.0 => libpng/.1.6.36-GCCcore-8.2.0
 17) libxml2/.2.9.4-GCCcore-6.4.0 => libxml2/.2.9.8-GCCcore-8.2.0
 18) ncurses/.6.0-GCCcore-6.4.0 => ncurses/.6.1-GCCcore-8.2.0
 19) zlib/.1.2.11-GCCcore-6.4.0 => zlib/.1.2.11-GCCcore-8.2.0

Cargando Java...
Cargando paths: kallisto, hisat, fastqc, STAR, conda, multiqc, bwa, stringtie, picard, samtools, samblaster, gatk ...
SRR645209
Using GATK jar /scratch/arubio/bin/gatk-4.2.5.0/gatk-package-4.2.5.0-local.jar
Running:
    java -Dsamjdk.use_async_io_read_samtools=false -Dsamjdk.use_async_io_write_samtools=true -Dsamjdk.use_async_io_write_tribble=false -Dsamjdk.compression_level=2 -jar /scratch/arubio/bin/gatk-4.2.5.0/gatk-package-4.2.5.0-local.jar CollectReadCounts -L /scratch/a905383/CNV/preprocessed_intervals100000.interval_list -I /scratch/a905383/CNV/raw_data/SRR645209_aligned.bam --interval-merging-rule OVERLAPPING_ONLY -O /scratch/a905383/CNV/counts/SRR6452090.counts.hdf5
15:32:56.051 INFO  NativeLibraryLoader - Loading libgkl_compression.so from jar:file:/scratch/arubio/bin/gatk-4.2.5.0/gatk-package-4.2.5.0-local.jar!/com/intel/gkl/native/libgkl_compression.so
May 05, 2022 3:32:56 PM shaded.cloud_nio.com.google.auth.oauth2.ComputeEngineCredentials runningOnComputeEngine
INFO: Failed to detect whether we are running on Google Compute Engine.
15:32:56.546 INFO  CollectReadCounts - ------------------------------------------------------------
15:32:56.547 INFO  CollectReadCounts - The Genome Analysis Toolkit (GATK) v4.2.5.0
15:32:56.547 INFO  CollectReadCounts - For support and documentation go to https://software.broadinstitute.org/gatk/
15:32:56.548 INFO  CollectReadCounts - Executing as a905383@atlas-193 on Linux v3.10.0-693.el7.x86_64 amd64
15:32:56.548 INFO  CollectReadCounts - Java runtime: OpenJDK 64-Bit Server VM v11.0.13+7-b1751.21
15:32:56.550 INFO  CollectReadCounts - Start Date/Time: May 5, 2022 at 3:32:55 PM CEST
15:32:56.550 INFO  CollectReadCounts - ------------------------------------------------------------
15:32:56.551 INFO  CollectReadCounts - ------------------------------------------------------------
15:32:56.561 INFO  CollectReadCounts - HTSJDK Version: 2.24.1
15:32:56.562 INFO  CollectReadCounts - Picard Version: 2.25.4
15:32:56.562 INFO  CollectReadCounts - Built for Spark Version: 2.4.5
15:32:56.562 INFO  CollectReadCounts - HTSJDK Defaults.COMPRESSION_LEVEL : 2
15:32:56.563 INFO  CollectReadCounts - HTSJDK Defaults.USE_ASYNC_IO_READ_FOR_SAMTOOLS : false
15:32:56.563 INFO  CollectReadCounts - HTSJDK Defaults.USE_ASYNC_IO_WRITE_FOR_SAMTOOLS : true
15:32:56.563 INFO  CollectReadCounts - HTSJDK Defaults.USE_ASYNC_IO_WRITE_FOR_TRIBBLE : false
15:32:56.564 INFO  CollectReadCounts - Deflater: IntelDeflater
15:32:56.564 INFO  CollectReadCounts - Inflater: IntelInflater
15:32:56.564 INFO  CollectReadCounts - GCS max retries/reopens: 20
15:32:56.565 INFO  CollectReadCounts - Requester pays: disabled
15:32:56.565 INFO  CollectReadCounts - Initializing engine
15:32:56.914 INFO  FeatureManager - Using codec IntervalListCodec to read file file:///scratch/a905383/CNV/preprocessed_intervals100000.interval_list
15:32:57.914 INFO  IntervalArgumentCollection - Processing 2958930931 bp from intervals
15:32:57.940 INFO  CollectReadCounts - Done initializing engine
15:32:57.946 INFO  CollectReadCounts - Collecting read counts...
15:32:57.947 INFO  ProgressMeter - Starting traversal
15:32:57.947 INFO  ProgressMeter -        Current Locus  Elapsed Minutes       Reads Processed     Reads/Minute
15:33:07.949 INFO  ProgressMeter -           1:83849321              0.2               3817000       22902000.0
15:33:18.010 INFO  ProgressMeter -          1:163336048              0.3               6425000       19215432.2
15:33:28.011 INFO  ProgressMeter -          10:12293425              0.5              11223000       22398962.2
15:33:38.012 INFO  ProgressMeter -         10:104035960              0.7              15525000       23250879.9
15:33:48.012 INFO  ProgressMeter -          11:61526849              0.8              19757000       23678092.0
15:33:58.014 INFO  ProgressMeter -          12:22891978              1.0              24414000       24387174.1
15:34:08.015 INFO  ProgressMeter -         12:115164706              1.2              28861000       24714697.6
15:34:18.015 INFO  ProgressMeter -          13:89619038              1.3              33250000       24916943.5
15:34:28.015 INFO  ProgressMeter -          14:84001263              1.5              37672000       25095984.1
15:34:38.017 INFO  ProgressMeter -          15:82764722              1.7              41581000       24931397.3
15:34:48.019 INFO  ProgressMeter -          16:66142690              1.8              45060000       24562551.1
15:34:58.019 INFO  ProgressMeter -          17:62585777              2.0              48935000       24453032.0
15:35:08.025 INFO  ProgressMeter -          18:66318009              2.2              53194000       24537109.6
15:35:18.023 INFO  ProgressMeter -            2:4522406              2.3              56315000       24122077.5
15:35:28.024 INFO  ProgressMeter -           2:73160854              2.5              59704000       23869665.2
15:35:38.167 INFO  ProgressMeter -          2:149267796              2.7              63120000       23637646.0
15:35:48.168 INFO  ProgressMeter -          2:214014374              2.8              66397000       23403947.8
15:35:58.168 INFO  ProgressMeter -          20:54334332              3.0              70238000       23384086.1
15:36:08.169 INFO  ProgressMeter -          22:44154037              3.2              73628000       23224056.4
15:36:18.169 INFO  ProgressMeter -           3:50843944              3.3              76406000       22896499.4
15:36:28.170 INFO  ProgressMeter -          3:131302382              3.5              80383000       22942427.3
15:36:38.171 INFO  ProgressMeter -           4:20708863              3.7              84666000       23067450.1
15:36:48.171 INFO  ProgressMeter -           4:96389292              3.8              88415000       23042441.5
15:36:58.171 INFO  ProgressMeter -          4:181640282              4.0              92729000       23160729.8
15:37:08.172 INFO  ProgressMeter -           5:68656534              4.2              96434000       23123441.4
15:37:18.181 INFO  ProgressMeter -          5:148895290              4.3             100382000       23145047.6
15:37:28.179 INFO  ProgressMeter -           6:57738281              4.5             104716000       23250588.4
15:37:38.177 INFO  ProgressMeter -          6:142208659              4.7             108899000       23316513.7
15:37:48.180 INFO  ProgressMeter -           7:61914632              4.8             113104000       23382283.0
15:37:58.178 INFO  ProgressMeter -          7:146712987              5.0             117126000       23407254.4
15:38:08.179 INFO  ProgressMeter -           8:78852206              5.2             121419000       23482953.0
15:38:18.180 INFO  ProgressMeter -           9:22478426              5.3             125854000       23580602.8
15:38:28.181 INFO  ProgressMeter -          9:124502116              5.5             129567000       23541015.0
15:38:38.181 INFO  ProgressMeter -          X:101197398              5.7             133305000       23508301.7
15:38:46.556 INFO  CollectReadCounts - 0 read(s) filtered by: WellformedReadFilter 
876813 read(s) filtered by: MappedReadFilter 
0 read(s) filtered by: NonZeroReferenceLengthAlignmentReadFilter 
14998965 read(s) filtered by: NotDuplicateReadFilter 
13931768 read(s) filtered by: MappingQualityReadFilter 
29807546 total reads filtered
15:38:46.556 INFO  ProgressMeter -        KI270336.1:84              5.8             135290551       23285274.7
15:38:46.557 INFO  ProgressMeter - Traversal complete. Processed 135290551 total reads in 5.8 minutes.
15:38:46.558 INFO  CollectReadCounts - Writing read counts to /scratch/a905383/CNV/counts/SRR6452090.counts.hdf5...
log4j:WARN No appenders could be found for logger (org.broadinstitute.hdf5.HDF5Library).
log4j:WARN Please initialize the log4j system properly.
log4j:WARN See http://logging.apache.org/log4j/1.2/faq.html#noconfig for more info.
15:38:46.955 INFO  CollectReadCounts - CollectReadCounts complete.
15:38:46.955 INFO  CollectReadCounts - Shutting down engine
[May 5, 2022 at 3:38:46 PM CEST] org.broadinstitute.hellbender.tools.copynumber.CollectReadCounts done. Elapsed time: 5.85 minutes.
Runtime.totalMemory()=57589760
